<?xml version="1.0" encoding="UTF-8"?>
<!-- Generated by org.testng.reporters.JUnitReportReporter -->
<testsuite skipped="0" hostname="MBP-Kristina" name="ReminderApp" tests="1" failures="0" timestamp="2023-04-13T15:35:19 EEST" time="49.316" errors="0">
  <testcase name="reminderApp" time="49.316" classname="ReminderApp"/>
  <system-out/>
</testsuite> <!-- ReminderApp -->
